<?xml version="1.0" encoding="UTF-8"?>
<testng-results skipped="0" failed="0" ignored="0" total="1" passed="1">
  <reporter-output>
  </reporter-output>
  <suite name="Default suite" duration-ms="3237" started-at="2020-05-01T03:43:34 EET" finished-at="2020-05-01T03:43:37 EET">
    <groups>
    </groups>
    <test name="Default test" duration-ms="3237" started-at="2020-05-01T03:43:34 EET" finished-at="2020-05-01T03:43:37 EET">
      <class name="demo.PostPetStore">
        <test-method status="PASS" signature="testAddPet()[pri:0, instance:demo.PostPetStore@32709393]" name="testAddPet" duration-ms="3194" started-at="2020-05-01T03:43:34 EET" finished-at="2020-05-01T03:43:37 EET">
          <reporter-output>
          </reporter-output>
        </test-method> <!-- testAddPet -->
      </class> <!-- demo.PostPetStore -->
    </test> <!-- Default test -->
  </suite> <!-- Default suite -->
</testng-results>
